06. Data persistence/FlightSearch-room,dataStroe/app/build/intermediates/manifest_merge_blame_file/debug/manifest-merger-blame-debug-report.txt
1<?xml version="1.0" encoding="utf-8"?>
2<manifest xmlns:android="http://schemas.android.com/apk/res/android"
3    package="com.example.flightsearch"
4    android:versionCode="1"
5    android:versionName="1.0" >
6
7    <uses-sdk
8        android:minSdkVersion="21"
8-->src/main/AndroidManifest.xml
9        android:targetSdkVersion="33" />
9-->src/main/AndroidManifest.xml
10
11    <permission
11-->[androidx.core:core:1.9.0] AndroidManifest.xml:22:5-24:47
12        android:name="com.example.flightsearch.DYNAMIC_RECEIVER_NOT_EXPORTED_PERMISSION"
12-->[androidx.core:core:1.9.0] AndroidManifest.xml:23:9-81
13        android:protectionLevel="signature" />
13-->[androidx.core:core:1.9.0] AndroidManifest.xml:24:9-44
14
15    <uses-permission android:name="com.example.flightsearch.DYNAMIC_RECEIVER_NOT_EXPORTED_PERMISSION" />
15-->[androidx.core:core:1.9.0] AndroidManifest.xml:26:5-97
15-->[androidx.core:core:1.9.0] AndroidManifest.xml:26:22-94
16
17    <application
17-->src/main/AndroidManifest.xml:5:5-26:19
18        android:name="com.example.flightsearch.Application"
18-->src/main/AndroidManifest.xml:6:9-36
19        android:allowBackup="true"
19-->src/main/AndroidManifest.xml:7:9-35
20        android:appComponentFactory="androidx.core.app.CoreComponentFactory"
20-->[androidx.core:core:1.9.0] AndroidManifest.xml:28:18-86
21        android:dataExtractionRules="@xml/data_extraction_rules"
21-->src/main/AndroidManifest.xml:8:9-65
22        android:debuggable="true"
23        android:fullBackupContent="@xml/backup_rules"
23-->src/main/AndroidManifest.xml:9:9-54
24        android:icon="@mipmap/ic_launcher"
24-->src/main/AndroidManifest.xml:10:9-43
25        android:label="@string/app_name"
25-->src/main/AndroidManifest.xml:11:9-41
26        android:supportsRtl="true"
26-->src/main/AndroidManifest.xml:12:9-35
27        android:testOnly="true"
28        android:theme="@style/Theme.FlightSearch" >
28-->src/main/AndroidManifest.xml:13:9-50
29        <activity
29-->src/main/AndroidManifest.xml:15:9-25:20
30            android:name="com.example.flightsearch.MainActivity"
30-->src/main/AndroidManifest.xml:16:13-41
31            android:exported="true"
31-->src/main/AndroidManifest.xml:17:13-36
32            android:label="@string/app_name"
32-->src/main/AndroidManifest.xml:18:13-45
33            android:theme="@style/Theme.FlightSearch" >
33-->src/main/AndroidManifest.xml:19:13-54
34            <intent-filter>
34-->src/main/AndroidManifest.xml:20:13-24:29
35                <action android:name="android.intent.action.MAIN" />
35-->src/main/AndroidManifest.xml:21:17-69
35-->src/main/AndroidManifest.xml:21:25-66
36
37                <category android:name="android.intent.category.LAUNCHER" />
37-->src/main/AndroidManifest.xml:23:17-77
37-->src/main/AndroidManifest.xml:23:27-74
38            </intent-filter>
39        </activity>
40
41        <service
41-->[androidx.room:room-runtime:2.5.0] AndroidManifest.xml:24:9-28:63
42            android:name="androidx.room.MultiInstanceInvalidationService"
42-->[androidx.room:room-runtime:2.5.0] AndroidManifest.xml:25:13-74
43            android:directBootAware="true"
43-->[androidx.room:room-runtime:2.5.0] AndroidManifest.xml:26:13-43
44            android:exported="false" />
44-->[androidx.room:room-runtime:2.5.0] AndroidManifest.xml:27:13-37
45
46        <activity
46-->[androidx.compose.ui:ui-tooling:1.3.3] AndroidManifest.xml:23:9-25:39
47            android:name="androidx.compose.ui.tooling.PreviewActivity"
47-->[androidx.compose.ui:ui-tooling:1.3.3] AndroidManifest.xml:24:13-71
48            android:exported="true" />
48-->[androidx.compose.ui:ui-tooling:1.3.3] AndroidManifest.xml:25:13-36
49
50        <provider
50-->[androidx.profileinstaller:profileinstaller:1.2.0] AndroidManifest.xml:25:9-33:20
51            android:name="androidx.startup.InitializationProvider"
51-->[androidx.profileinstaller:profileinstaller:1.2.0] AndroidManifest.xml:26:13-67
52            android:authorities="com.example.flightsearch.androidx-startup"
52-->[androidx.profileinstaller:profileinstaller:1.2.0] AndroidManifest.xml:27:13-68
53            android:exported="false" >
53-->[androidx.profileinstaller:profileinstaller:1.2.0] AndroidManifest.xml:28:13-37
54            <meta-data
54-->[androidx.profileinstaller:profileinstaller:1.2.0] AndroidManifest.xml:30:13-32:52
55                android:name="androidx.profileinstaller.ProfileInstallerInitializer"
55-->[androidx.profileinstaller:profileinstaller:1.2.0] AndroidManifest.xml:31:17-85
56                android:value="androidx.startup" />
56-->[androidx.profileinstaller:profileinstaller:1.2.0] AndroidManifest.xml:32:17-49
57        </provider>
58
59        <receiver
59-->[androidx.profileinstaller:profileinstaller:1.2.0] AndroidManifest.xml:35:9-47:20
60            android:name="androidx.profileinstaller.ProfileInstallReceiver"
60-->[androidx.profileinstaller:profileinstaller:1.2.0] AndroidManifest.xml:36:13-76
61            android:directBootAware="false"
61-->[androidx.profileinstaller:profileinstaller:1.2.0] AndroidManifest.xml:37:13-44
62            android:enabled="true"
62-->[androidx.profileinstaller:profileinstaller:1.2.0] AndroidManifest.xml:38:13-35
63            android:exported="true"
63-->[androidx.profileinstaller:profileinstaller:1.2.0] AndroidManifest.xml:39:13-36
64            android:permission="android.permission.DUMP" >
64-->[androidx.profileinstaller:profileinstaller:1.2.0] AndroidManifest.xml:40:13-57
65            <intent-filter>
65-->[androidx.profileinstaller:profileinstaller:1.2.0] AndroidManifest.xml:41:13-43:29
66                <action android:name="androidx.profileinstaller.action.INSTALL_PROFILE" />
66-->[androidx.profileinstaller:profileinstaller:1.2.0] AndroidManifest.xml:42:17-91
66-->[androidx.profileinstaller:profileinstaller:1.2.0] AndroidManifest.xml:42:25-88
67            </intent-filter>
68            <intent-filter>
68-->[androidx.profileinstaller:profileinstaller:1.2.0] AndroidManifest.xml:44:13-46:29
69                <action android:name="androidx.profileinstaller.action.SKIP_FILE" />
69-->[androidx.profileinstaller:profileinstaller:1.2.0] AndroidManifest.xml:45:17-85
69-->[androidx.profileinstaller:profileinstaller:1.2.0] AndroidManifest.xml:45:25-82
70            </intent-filter>
71        </receiver>
72    </application>
73
74</manifest>